Mon Feb  3 16:43:33 +0630 2025 - RAWWrapper ... 
Mon Feb  3 16:45:59 +0630 2025 - Found New USB device: /dev/sdb
Mon Feb  3 16:45:59 +0630 2025 - Triggering Copy...
Mon Feb  3 16:45:59 +0630 2025 - Waiting 3 sec to be ready for automounting..
USB is mounted at: 
Mon Feb  3 16:46:02 +0630 2025 - Error: Copying reports
Mon Feb  3 16:46:02 +0630 2025 - =======================================
Mon Feb  3 16:57:11 +0630 2025 - Found New USB device: /dev/sdb
Mon Feb  3 16:57:35 +0630 2025 - Found New USB device: /dev/sdb
Mon Feb  3 16:59:24 +0630 2025 - Found New USB device: /dev/sdb
Mon Feb  3 05:14:26 PM +0630 2025 - Found New USB device: /dev/sdb
Tue Feb  4 13:53:01 +0630 2025 - Found RAW.sh
၂၀၂၅ ဖေ ၀၄ အင်္ဂါ ၀၂:၁၅:၂၉ ညနေ +0630 : Signal received! Executing script...
၂၀၂၅ ဖေ ၀၄ အင်္ဂါ ၀၂:၁၅:၂၉ ညနေ +0630 : Found Copy Trigger Server.sh in /usr/local/bin/
၂၀၂၅ ဖေ ၀၄ အင်္ဂါ ၀၂:၁၅:၃၄ ညနေ +0630 : Signal received! Executing script...
၂၀၂၅ ဖေ ၀၄ အင်္ဂါ ၀၂:၁၅:၃၄ ညနေ +0630 : Found Copy Trigger Server.sh in /usr/local/bin/
၂၀၂၅ ဖေ ၀၄ အင်္ဂါ ၀၂:၁၅:၃၉ ညနေ +0630 : Signal received! Executing script...
၂၀၂၅ ဖေ ၀၄ အင်္ဂါ ၀၂:၁၅:၃၉ ညနေ +0630 : Found Copy Trigger Server.sh in /usr/local/bin/
၂၀၂၅ ဖေ ၀၄ အင်္ဂါ ၀၂:၁၅:၄၄ ညနေ +0630 : Signal received! Executing script...
၂၀၂၅ ဖေ ၀၄ အင်္ဂါ ၀၂:၁၅:၄၄ ညနေ +0630 : Found Copy Trigger Server.sh in /usr/local/bin/
၂၀၂၅ ဖေ ၀၄ အင်္ဂါ ၀၂:၁၅:၄၉ ညနေ +0630 : Signal received! Executing script...
၂၀၂၅ ဖေ ၀၄ အင်္ဂါ ၀၂:၁၅:၄၉ ညနေ +0630 : Found Copy Trigger Server.sh in /usr/local/bin/
၂၀၂၅ ဖေ ၀၄ အင်္ဂါ ၀၂:၁၅:၅၅ ညနေ +0630 : Signal received! Executing script...
၂၀၂၅ ဖေ ၀၄ အင်္ဂါ ၀၂:၁၅:၅၅ ညနေ +0630 : Found Copy Trigger Server.sh in /usr/local/bin/
၂၀၂၅ ဖေ ၀၄ အင်္ဂါ ၀၂:၁၆:၀၀ ညနေ +0630 : Signal received! Executing script...
၂၀၂၅ ဖေ ၀၄ အင်္ဂါ ၀၂:၁၆:၀၀ ညနေ +0630 : Found Copy Trigger Server.sh in /usr/local/bin/
၂၀၂၅ ဖေ ၀၄ အင်္ဂါ ၀၂:၁၆:၀၅ ညနေ +0630 : Signal received! Executing script...
၂၀၂၅ ဖေ ၀၄ အင်္ဂါ ၀၂:၁၆:၀၅ ညနေ +0630 : Found Copy Trigger Server.sh in /usr/local/bin/
၂၀၂၅ ဖေ ၀၄ အင်္ဂါ ၀၂:၁၆:၁၀ ညနေ +0630 : Signal received! Executing script...
၂၀၂၅ ဖေ ၀၄ အင်္ဂါ ၀၂:၁၆:၁၀ ညနေ +0630 : Found Copy Trigger Server.sh in /usr/local/bin/
၂၀၂၅ ဖေ ၀၄ အင်္ဂါ ၀၂:၁၆:၁၆ ညနေ +0630 : Signal received! Executing script...
၂၀၂၅ ဖေ ၀၄ အင်္ဂါ ၀၂:၁၆:၁၆ ညနေ +0630 : Found Copy Trigger Server.sh in /usr/local/bin/
၂၀၂၅ ဖေ ၀၄ အင်္ဂါ ၀၂:၁၆:၂၁ ညနေ +0630 : Signal received! Executing script...
၂၀၂၅ ဖေ ၀၄ အင်္ဂါ ၀၂:၁၆:၂၁ ညနေ +0630 : Found Copy Trigger Server.sh in /usr/local/bin/
၂၀၂၅ ဖေ ၀၄ အင်္ဂါ ၀၂:၁၆:၂၆ ညနေ +0630 : Signal received! Executing script...
၂၀၂၅ ဖေ ၀၄ အင်္ဂါ ၀၂:၁၆:၂၆ ညနေ +0630 : Found Copy Trigger Server.sh in /usr/local/bin/
၂၀၂၅ ဖေ ၀၄ အင်္ဂါ ၀၂:၁၆:၃၁ ညနေ +0630 : Signal received! Executing script...
၂၀၂၅ ဖေ ၀၄ အင်္ဂါ ၀၂:၁၆:၃၁ ညနေ +0630 : Found Copy Trigger Server.sh in /usr/local/bin/
၂၀၂၅ ဖေ ၀၄ အင်္ဂါ ၀၂:၁၆:၃၇ ညနေ +0630 : Signal received! Executing script...
၂၀၂၅ ဖေ ၀၄ အင်္ဂါ ၀၂:၁၆:၃၇ ညနေ +0630 : Found Copy Trigger Server.sh in /usr/local/bin/
၂၀၂၅ ဖေ ၀၄ အင်္ဂါ ၀၂:၁၆:၄၂ ညနေ +0630 : Signal received! Executing script...
၂၀၂၅ ဖေ ၀၄ အင်္ဂါ ၀၂:၁၆:၄၂ ညနေ +0630 : Found Copy Trigger Server.sh in /usr/local/bin/
၂၀၂၅ ဖေ ၀၄ အင်္ဂါ ၀၂:၁၆:၄၇ ညနေ +0630 : Signal received! Executing script...
၂၀၂၅ ဖေ ၀၄ အင်္ဂါ ၀၂:၁၆:၄၇ ညနေ +0630 : Found Copy Trigger Server.sh in /usr/local/bin/
၂၀၂၅ ဖေ ၀၄ အင်္ဂါ ၀၂:၁၆:၅၂ ညနေ +0630 : Signal received! Executing script...
၂၀၂၅ ဖေ ၀၄ အင်္ဂါ ၀၂:၁၆:၅၂ ညနေ +0630 : Found Copy Trigger Server.sh in /usr/local/bin/
၂၀၂၅ ဖေ ၀၄ အင်္ဂါ ၀၂:၁၆:၅၈ ညနေ +0630 : Signal received! Executing script...
၂၀၂၅ ဖေ ၀၄ အင်္ဂါ ၀၂:၁၆:၅၈ ညနေ +0630 : Found Copy Trigger Server.sh in /usr/local/bin/
၂၀၂၅ ဖေ ၀၄ အင်္ဂါ ၀၂:၁၇:၀၃ ညနေ +0630 : Signal received! Executing script...
၂၀၂၅ ဖေ ၀၄ အင်္ဂါ ၀၂:၁၇:၀၃ ညနေ +0630 : Found Copy Trigger Server.sh in /usr/local/bin/
၂၀၂၅ ဖေ ၀၄ အင်္ဂါ ၀၂:၁၇:၀၈ ညနေ +0630 : Signal received! Executing script...
၂၀၂၅ ဖေ ၀၄ အင်္ဂါ ၀၂:၁၇:၀၈ ညနေ +0630 : Found Copy Trigger Server.sh in /usr/local/bin/
၂၀၂၅ ဖေ ၀၄ အင်္ဂါ ၀၂:၁၇:၁၃ ညနေ +0630 : Signal received! Executing script...
၂၀၂၅ ဖေ ၀၄ အင်္ဂါ ၀၂:၁၇:၁၃ ညနေ +0630 : Found Copy Trigger Server.sh in /usr/local/bin/
၂၀၂၅ ဖေ ၀၄ အင်္ဂါ ၀၂:၁၇:၁၉ ညနေ +0630 : Signal received! Executing script...
၂၀၂၅ ဖေ ၀၄ အင်္ဂါ ၀၂:၁၇:၁၉ ညနေ +0630 : Found Copy Trigger Server.sh in /usr/local/bin/
၂၀၂၅ ဖေ ၀၄ အင်္ဂါ ၀၂:၁၇:၂၄ ညနေ +0630 : Signal received! Executing script...
၂၀၂၅ ဖေ ၀၄ အင်္ဂါ ၀၂:၁၇:၂၄ ညနေ +0630 : Found Copy Trigger Server.sh in /usr/local/bin/
၂၀၂၅ ဖေ ၀၄ အင်္ဂါ ၀၂:၁၇:၂၉ ညနေ +0630 : Signal received! Executing script...
၂၀၂၅ ဖေ ၀၄ အင်္ဂါ ၀၂:၁၇:၂၉ ညနေ +0630 : Found Copy Trigger Server.sh in /usr/local/bin/
၂၀၂၅ ဖေ ၀၄ အင်္ဂါ ၀၂:၁၇:၃၄ ညနေ +0630 : Signal received! Executing script...
၂၀၂၅ ဖေ ၀၄ အင်္ဂါ ၀၂:၁၇:၃၄ ညနေ +0630 : Found Copy Trigger Server.sh in /usr/local/bin/
၂၀၂၅ ဖေ ၀၄ အင်္ဂါ ၀၂:၁၇:၃၉ ညနေ +0630 : Signal received! Executing script...
၂၀၂၅ ဖေ ၀၄ အင်္ဂါ ၀၂:၁၇:၃၉ ညနေ +0630 : Found Copy Trigger Server.sh in /usr/local/bin/
၂၀၂၅ ဖေ ၀၄ အင်္ဂါ ၀၂:၁၇:၄၅ ညနေ +0630 : Signal received! Executing script...
၂၀၂၅ ဖေ ၀၄ အင်္ဂါ ၀၂:၁၇:၄၅ ညနေ +0630 : Found Copy Trigger Server.sh in /usr/local/bin/
Tue Feb  4 14:19:53 +0630 2025 - Found RAW.sh
Tue Feb  4 14:21:19 +0630 2025 - Found RAW.sh
၂၀၂၅ ဖေ ၀၄ အင်္ဂါ ၀၂:၂၁:၁၉ ညနေ +0630 : Signal received! Executing script...
၂၀၂၅ ဖေ ၀၄ အင်္ဂါ ၀၂:၂၁:၁၉ ညနေ +0630 : Found Copy Trigger Server.sh in /usr/local/bin/
Tue Feb  4 14:21:41 +0630 2025 - Found RAW.sh
၂၀၂၅ ဖေ ၀၄ အင်္ဂါ ၀၂:၂၁:၄၁ ညနေ +0630 : Signal received! Executing script...
၂၀၂၅ ဖေ ၀၄ အင်္ဂါ ၀၂:၂၁:၄၁ ညနေ +0630 : Found Copy Trigger Server.sh in /usr/local/bin/
Tue Feb  4 14:22:01 +0630 2025 - Found RAW.sh
၂၀၂၅ ဖေ ၀၄ အင်္ဂါ ၀၂:၂၂:၀၁ ညနေ +0630 : Signal received! Executing script...
၂၀၂၅ ဖေ ၀၄ အင်္ဂါ ၀၂:၂၂:၀၁ ညနေ +0630 : Found Copy Trigger Server.sh in /usr/local/bin/
Tue Feb  4 14:23:32 +0630 2025 - Found RAW.sh
၂၀၂၅ ဖေ ၀၄ အင်္ဂါ ၀၂:၂၃:၃၂ ညနေ +0630 : Signal received! Executing script...
၂၀၂၅ ဖေ ၀၄ အင်္ဂါ ၀၂:၂၃:၃၂ ညနေ +0630 : Found Copy Trigger Server.sh in /usr/local/bin/
Tue Feb  4 14:24:33 +0630 2025 - Found RAW.sh
Tue Feb  4 14:24:34 +0630 2025 - Found RAW.sh
Tue Feb  4 14:25:12 +0630 2025 - Found RAW.sh
၂၀၂၅ ဖေ ၀၄ အင်္ဂါ ၀၂:၂၅:၁၂ ညနေ +0630 : Signal received! Executing script...
၂၀၂၅ ဖေ ၀၄ အင်္ဂါ ၀၂:၂၅:၁၂ ညနေ +0630 : Found Copy Trigger Server.sh in /usr/local/bin/
Tue Feb  4 14:30:13 +0630 2025 - Found RAW.sh
၂၀၂၅ ဖေ ၀၄ အင်္ဂါ ၀၂:၃၀:၁၃ ညနေ +0630 : About To Received Signal Processding (sleep 5 sec)...
၂၀၂၅ ဖေ ၀၄ အင်္ဂါ ၀၂:၃၀:၁၈ ညနေ +0630 : Signal received! Executing script...
၂၀၂၅ ဖေ ၀၄ အင်္ဂါ ၀၂:၃၀:၁၈ ညနေ +0630 : Found Copy Trigger Server.sh in /usr/local/bin/
Wed Feb  5 22:02:42 +0630 2025 - Found RAW.sh
၂၀၂၅ ဖေ ၀၅ ဗုဒ္ဓဟူး ၁၀:၀၂:၄၂ ညနေ +0630 : About To Received Signal Processding (sleep 5 sec)...
၂၀၂၅ ဖေ ၀၅ ဗုဒ္ဓဟူး ၁၀:၀၂:၄၇ ညနေ +0630 : Signal received! Executing script...
၂၀၂၅ ဖေ ၀၅ ဗုဒ္ဓဟူး ၁၀:၀၂:၄၇ ညနေ +0630 : Found Copy Trigger Server.sh in /usr/local/bin/
Wed Feb  5 22:03:17 +0630 2025 - Found RAW.sh
၂၀၂၅ ဖေ ၀၅ ဗုဒ္ဓဟူး ၁၀:၀၃:၁၇ ညနေ +0630 : About To Received Signal Processding (sleep 5 sec)...
၂၀၂၅ ဖေ ၀၅ ဗုဒ္ဓဟူး ၁၀:၀၃:၂၂ ညနေ +0630 : Signal received! Executing script...
၂၀၂၅ ဖေ ၀၅ ဗုဒ္ဓဟူး ၁၀:၀၃:၂၂ ညနေ +0630 : Found Copy Trigger Server.sh in /usr/local/bin/
Wed Feb  5 22:22:14 +0630 2025 - Found RAW.sh
၂၀၂၅ ဖေ ၀၅ ဗုဒ္ဓဟူး ၁၀:၂၂:၁၄ ညနေ +0630 : About To Received Signal Processding (sleep 5 sec)...
၂၀၂၅ ဖေ ၀၅ ဗုဒ္ဓဟူး ၁၀:၂၂:၁၉ ညနေ +0630 : Signal received! Executing script...
၂၀၂၅ ဖေ ၀၅ ဗုဒ္ဓဟူး ၁၀:၂၂:၁၉ ညနေ +0630 : Found Copy Trigger Server.sh in /usr/local/bin/
Wed Feb  5 22:22:49 +0630 2025 - Found RAW.sh
၂၀၂၅ ဖေ ၀၅ ဗုဒ္ဓဟူး ၁၀:၂၂:၄၉ ညနေ +0630 : About To Received Signal Processding (sleep 5 sec)...
၂၀၂၅ ဖေ ၀၅ ဗုဒ္ဓဟူး ၁၀:၂၂:၅၄ ညနေ +0630 : Signal received! Executing script...
၂၀၂၅ ဖေ ၀၅ ဗုဒ္ဓဟူး ၁၀:၂၂:၅၄ ညနေ +0630 : Found Copy Trigger Server.sh in /usr/local/bin/
Wed Feb  5 23:05:47 +0630 2025 - Found RAW.sh
၂၀၂၅ ဖေ ၀၅ ဗုဒ္ဓဟူး ၁၁:၀၅:၄၇ ညနေ +0630 : About To Received Signal Processding (sleep 5 sec)...
၂၀၂၅ ဖေ ၀၅ ဗုဒ္ဓဟူး ၁၁:၀၅:၅၂ ညနေ +0630 : Signal received! Executing script...
၂၀၂၅ ဖေ ၀၅ ဗုဒ္ဓဟူး ၁၁:၀၅:၅၂ ညနေ +0630 : Found Copy Trigger Server.sh in /usr/local/bin/
Thu Feb  6 22:02:39 +0630 2025 - Found RAW.sh
၂၀၂၅ ဖေ ၀၆ ကြာသပတေး ၁၀:၀၂:၃၉ ညနေ +0630 : About To Received Signal Processding (sleep 5 sec)...
၂၀၂၅ ဖေ ၀၆ ကြာသပတေး ၁၀:၀၂:၄၄ ညနေ +0630 : Signal received! Executing script...
၂၀၂၅ ဖေ ၀၆ ကြာသပတေး ၁၀:၀၂:၄၄ ညနေ +0630 : Found Copy Trigger Server.sh in /usr/local/bin/
Thu Feb  6 22:16:26 +0630 2025 - Found RAW.sh
၂၀၂၅ ဖေ ၀၆ ကြာသပတေး ၁၀:၁၆:၂၆ ညနေ +0630 : About To Received Signal Processding (sleep 5 sec)...
၂၀၂၅ ဖေ ၀၆ ကြာသပတေး ၁၀:၁၆:၃၁ ညနေ +0630 : Signal received! Executing script...
၂၀၂၅ ဖေ ၀၆ ကြာသပတေး ၁၀:၁၆:၃၁ ညနေ +0630 : Found Copy Trigger Server.sh in /usr/local/bin/
၂၀၂၅ ဖေ ၀၆ ကြာသပတေး ၁၀:၁၆:၃၁ ညနေ +0630 : Prepare to copy from ~/Download/* to USB Mounted Dir. 
၂၀၂၅ ဖေ ၀၆ ကြာသပတေး ၁၀:၁၆:၃၁ ညနေ +0630 - Found New USB device: /dev/sdb
၂၀၂၅ ဖေ ၀၆ ကြာသပတေး ၁၀:၁၆:၃၁ ညနေ +0630 - Triggering Copy...
၂၀၂၅ ဖေ ၀၆ ကြာသပတေး ၁၀:၁၆:၃၁ ညနေ +0630 - Waiting 3 sec to be ready for automounting..
USB is mounted at: /media/bot/18BE-876A
၂၀၂၅ ဖေ ၀၆ ကြာသပတေး ၁၀:၁၆:၃၄ ညနေ +0630 - Successfully copied to /media/bot/18BE-876A
၂၀၂၅ ဖေ ၀၆ ကြာသပတေး ၁၀:၁၆:၃၄ ညနေ +0630 - =======================================
Thu Feb  6 22:19:20 +0630 2025 - Found RAW.sh
၂၀၂၅ ဖေ ၀၆ ကြာသပတေး ၁၀:၁၉:၂၀ ညနေ +0630 : About To Received Signal Processding (sleep 5 sec)...
၂၀၂၅ ဖေ ၀၆ ကြာသပတေး ၁၀:၁၉:၂၅ ညနေ +0630 : Signal received! Executing script...
၂၀၂၅ ဖေ ၀၆ ကြာသပတေး ၁၀:၁၉:၂၅ ညနေ +0630 : Found Copy Trigger Server.sh in /usr/local/bin/
၂၀၂၅ ဖေ ၀၆ ကြာသပတေး ၁၀:၁၉:၂၅ ညနေ +0630 : Prepare to copy from ~/Download/* to USB Mounted Dir. 
၂၀၂၅ ဖေ ၀၆ ကြာသပတေး ၁၀:၁၉:၂၅ ညနေ +0630 - Found New USB device: /dev/sdb
၂၀၂၅ ဖေ ၀၆ ကြာသပတေး ၁၀:၁၉:၂၅ ညနေ +0630 - Triggering Copy...
၂၀၂၅ ဖေ ၀၆ ကြာသပတေး ၁၀:၁၉:၂၅ ညနေ +0630 - Waiting 3 sec to be ready for automounting..
USB is mounted at: /media/bot/18BE-876A
၂၀၂၅ ဖေ ၀၆ ကြာသပတေး ၁၀:၁၉:၂၈ ညနေ +0630 - Successfully copied to /media/bot/18BE-876A
၂၀၂၅ ဖေ ၀၆ ကြာသပတေး ၁၀:၁၉:၂၈ ညနေ +0630 - =======================================
Thu Feb  6 22:23:30 +0630 2025 - Found RAW.sh
၂၀၂၅ ဖေ ၀၆ ကြာသပတေး ၁၀:၂၃:၃၀ ညနေ +0630 : About To Received Signal Processding (sleep 5 sec)...
၂၀၂၅ ဖေ ၀၆ ကြာသပတေး ၁၀:၂၃:၃၅ ညနေ +0630 : Signal received! Executing script...
၂၀၂၅ ဖေ ၀၆ ကြာသပတေး ၁၀:၂၃:၃၅ ညနေ +0630 : Found Copy Trigger Server.sh in /usr/local/bin/
၂၀၂၅ ဖေ ၀၆ ကြာသပတေး ၁၀:၂၃:၃၅ ညနေ +0630 : Prepare to copy from ~/Download/* to USB Mounted Dir. 
၂၀၂၅ ဖေ ၀၆ ကြာသပတေး ၁၀:၂၃:၃၅ ညနေ +0630 - Found New USB device: /dev/sdb
၂၀၂၅ ဖေ ၀၆ ကြာသပတေး ၁၀:၂၃:၃၅ ညနေ +0630 - Triggering Copy...
၂၀၂၅ ဖေ ၀၆ ကြာသပတေး ၁၀:၂၃:၃၅ ညနေ +0630 - Waiting 3 sec to be ready for automounting..
USB is mounted at: /media/bot/18BE-876A
၂၀၂၅ ဖေ ၀၆ ကြာသပတေး ၁၀:၂၃:၃၈ ညနေ +0630 - The Block Device /dev/sdb1 is mounted at /media/bot/18BE-876A..
၂၀၂၅ ဖေ ၀၆ ကြာသပတေး ၁၀:၂၃:၃၈ ညနေ +0630 - Waiting 3 sec to be ready for copying..
၂၀၂၅ ဖေ ၀၆ ကြာသပတေး ၁၀:၂၃:၄၁ ညနေ +0630 - Successfully copied to /media/bot/18BE-876A
၂၀၂၅ ဖေ ၀၆ ကြာသပတေး ၁၀:၂၃:၄၁ ညနေ +0630 - =======================================
၂၀၂၅ ဖေ ၀၆ ကြာသပတေး ၁၀:၂၃:၄၁ ညနေ +0630 - Error: Copying reports
၂၀၂၅ ဖေ ၀၆ ကြာသပတေး ၁၀:၂၃:၄၁ ညနေ +0630 - =======================================
Thu Feb  6 22:24:56 +0630 2025 - Found RAW.sh
၂၀၂၅ ဖေ ၀၆ ကြာသပတေး ၁၀:၂၄:၅၆ ညနေ +0630 : About To Received Signal Processding (sleep 5 sec)...
၂၀၂၅ ဖေ ၀၆ ကြာသပတေး ၁၀:၂၅:၀၁ ညနေ +0630 : Signal received! Executing script...
၂၀၂၅ ဖေ ၀၆ ကြာသပတေး ၁၀:၂၅:၀၁ ညနေ +0630 : Found Copy Trigger Server.sh in /usr/local/bin/
၂၀၂၅ ဖေ ၀၆ ကြာသပတေး ၁၀:၂၅:၀၁ ညနေ +0630 : Prepare to copy from ~/Download/* to USB Mounted Dir. 
၂၀၂၅ ဖေ ၀၆ ကြာသပတေး ၁၀:၂၅:၀၁ ညနေ +0630 - Found New USB device: /dev/sdb
၂၀၂၅ ဖေ ၀၆ ကြာသပတေး ၁၀:၂၅:၀၁ ညနေ +0630 - Triggering Copy...
၂၀၂၅ ဖေ ၀၆ ကြာသပတေး ၁၀:၂၅:၀၁ ညနေ +0630 - Waiting 3 sec to be ready for automounting..
USB is mounted at: /media/bot/18BE-876A
၂၀၂၅ ဖေ ၀၆ ကြာသပတေး ၁၀:၂၅:၀၄ ညနေ +0630 - The Block Device /dev/sdb1 is mounted at /media/bot/18BE-876A..
၂၀၂၅ ဖေ ၀၆ ကြာသပတေး ၁၀:၂၅:၀၄ ညနေ +0630 - Waiting 3 sec to be ready for copying..
၂၀၂၅ ဖေ ၀၆ ကြာသပတေး ၁၀:၂၅:၀၇ ညနေ +0630 - Successfully copied to /media/bot/18BE-876A
၂၀၂၅ ဖေ ၀၆ ကြာသပတေး ၁၀:၂၅:၀၇ ညနေ +0630 - =======================================
၂၀၂၅ ဖေ ၀၆ ကြာသပတေး ၁၀:၂၅:၀၇ ညနေ +0630 - Error: Copying reports
၂၀၂၅ ဖေ ၀၆ ကြာသပတေး ၁၀:၂၅:၀၇ ညနေ +0630 - =======================================
Thu Feb  6 10:27:01 PM +0630 2025 : About To Received Signal Processding (sleep 5 sec)...
Thu Feb  6 10:27:06 PM +0630 2025 : Signal received! Executing script...
Thu Feb  6 10:27:06 PM +0630 2025 : Found Copy Trigger Server.sh in /usr/local/bin/
Thu Feb  6 10:27:06 PM +0630 2025 : Prepare to copy from ~/Download/* to USB Mounted Dir. 
Thu Feb  6 10:27:06 PM +0630 2025 - Found New USB device: /dev/sdb
Thu Feb  6 10:27:06 PM +0630 2025 - Triggering Copy...
Thu Feb  6 10:27:06 PM +0630 2025 - Waiting 3 sec to be ready for automounting..
USB is mounted at: 
Thu Feb  6 10:27:09 PM +0630 2025 - The Block Device /dev/sdb1 is mounted at ..
'/home/bot/Downloads/Products.xlsx' -> ''
Thu Feb  6 10:27:09 PM +0630 2025 - Waiting 3 sec to be ready for copying..
Thu Feb  6 10:27:12 PM +0630 2025 - Successfully copied to 
Thu Feb  6 10:27:12 PM +0630 2025 - =======================================
Thu Feb  6 10:27:13 PM +0630 2025 - =======================================
Thu Feb  6 22:29:35 +0630 2025 - Found RAW.sh
၂၀၂၅ ဖေ ၀၆ ကြာသပတေး ၁၀:၂၉:၃၅ ညနေ +0630 : About To Received Signal Processding (sleep 5 sec)...
၂၀၂၅ ဖေ ၀၆ ကြာသပတေး ၁၀:၂၉:၄၀ ညနေ +0630 : Signal received! Executing script...
၂၀၂၅ ဖေ ၀၆ ကြာသပတေး ၁၀:၂၉:၄၀ ညနေ +0630 : Found Copy Trigger Server.sh in /usr/local/bin/
၂၀၂၅ ဖေ ၀၆ ကြာသပတေး ၁၀:၂၉:၄၀ ညနေ +0630 : Prepare to copy from ~/Download/* to USB Mounted Dir. 
၂၀၂၅ ဖေ ၀၆ ကြာသပတေး ၁၀:၂၉:၄၀ ညနေ +0630 - Found New USB device: /dev/sdb
၂၀၂၅ ဖေ ၀၆ ကြာသပတေး ၁၀:၂၉:၄၀ ညနေ +0630 - Triggering Copy...
၂၀၂၅ ဖေ ၀၆ ကြာသပတေး ၁၀:၂၉:၄၀ ညနေ +0630 - Waiting 3 sec to be ready for automounting..
USB is mounted at: 
၂၀၂၅ ဖေ ၀၆ ကြာသပတေး ၁၀:၂၉:၄၃ ညနေ +0630 - The Block Device /dev/sdb1 is mounted at ..
'/home/bot/Downloads/Products.xlsx' -> ''
၂၀၂၅ ဖေ ၀၆ ကြာသပတေး ၁၀:၂၉:၄၃ ညနေ +0630 - Waiting 3 sec to be ready for copying..
၂၀၂၅ ဖေ ၀၆ ကြာသပတေး ၁၀:၂၉:၄၆ ညနေ +0630 - Successfully copied to 
၂၀၂၅ ဖေ ၀၆ ကြာသပတေး ၁၀:၂၉:၄၆ ညနေ +0630 - =======================================
၂၀၂၅ ဖေ ၀၆ ကြာသပတေး ၁၀:၂၉:၄၆ ညနေ +0630 - =======================================
Thu Feb  6 22:32:52 +0630 2025 - Found RAW.sh
၂၀၂၅ ဖေ ၀၆ ကြာသပတေး ၁၀:၃၂:၅၂ ညနေ +0630 : About To Received Signal Processding (sleep 5 sec)...
၂၀၂၅ ဖေ ၀၆ ကြာသပတေး ၁၀:၃၂:၅၇ ညနေ +0630 : Signal received! Executing script...
၂၀၂၅ ဖေ ၀၆ ကြာသပတေး ၁၀:၃၂:၅၇ ညနေ +0630 : Found Copy Trigger Server.sh in /usr/local/bin/
၂၀၂၅ ဖေ ၀၆ ကြာသပတေး ၁၀:၃၂:၅၇ ညနေ +0630 : Prepare to copy from ~/Download/* to USB Mounted Dir. 
၂၀၂၅ ဖေ ၀၆ ကြာသပတေး ၁၀:၃၂:၅၇ ညနေ +0630 - Found New USB device: /dev/sdb
၂၀၂၅ ဖေ ၀၆ ကြာသပတေး ၁၀:၃၂:၅၇ ညနေ +0630 - Triggering Copy...
၂၀၂၅ ဖေ ၀၆ ကြာသပတေး ၁၀:၃၂:၅၇ ညနေ +0630 - Waiting 3 sec to be ready for automounting..
USB is mounted at: 
၂၀၂၅ ဖေ ၀၆ ကြာသပတေး ၁၀:၃၃:၀၀ ညနေ +0630 - The Block Device /dev/sdb1 is mounted at ..
'/home/bot/Downloads/Products.xlsx' -> ''
၂၀၂၅ ဖေ ၀၆ ကြာသပတေး ၁၀:၃၃:၀၀ ညနေ +0630 - Waiting 3 sec to be ready for copying..
၂၀၂၅ ဖေ ၀၆ ကြာသပတေး ၁၀:၃၃:၀၃ ညနေ +0630 - Successfully copied to 
၂၀၂၅ ဖေ ၀၆ ကြာသပတေး ၁၀:၃၃:၀၃ ညနေ +0630 - =======================================
၂၀၂၅ ဖေ ၀၆ ကြာသပတေး ၁၀:၃၃:၀၃ ညနေ +0630 - =======================================
Thu Feb  6 22:33:08 +0630 2025 - Found RAW.sh
၂၀၂၅ ဖေ ၀၆ ကြာသပတေး ၁၀:၃၃:၀၈ ညနေ +0630 : About To Received Signal Processding (sleep 5 sec)...
၂၀၂၅ ဖေ ၀၆ ကြာသပတေး ၁၀:၃၃:၁၃ ညနေ +0630 : Signal received! Executing script...
၂၀၂၅ ဖေ ၀၆ ကြာသပတေး ၁၀:၃၃:၁၃ ညနေ +0630 : Found Copy Trigger Server.sh in /usr/local/bin/
၂၀၂၅ ဖေ ၀၆ ကြာသပတေး ၁၀:၃၃:၁၃ ညနေ +0630 : Prepare to copy from ~/Download/* to USB Mounted Dir. 
၂၀၂၅ ဖေ ၀၆ ကြာသပတေး ၁၀:၃၃:၁၃ ညနေ +0630 - Found New USB device: /dev/sdb
၂၀၂၅ ဖေ ၀၆ ကြာသပတေး ၁၀:၃၃:၁၃ ညနေ +0630 - Triggering Copy...
၂၀၂၅ ဖေ ၀၆ ကြာသပတေး ၁၀:၃၃:၁၃ ညနေ +0630 - Waiting 3 sec to be ready for automounting..
USB is mounted at: 
၂၀၂၅ ဖေ ၀၆ ကြာသပတေး ၁၀:၃၃:၁၆ ညနေ +0630 - The Block Device /dev/sdb1 is mounted at ..
'/home/bot/Downloads/Products.xlsx' -> ''
၂၀၂၅ ဖေ ၀၆ ကြာသပတေး ၁၀:၃၃:၁၆ ညနေ +0630 - Waiting 3 sec to be ready for copying..
၂၀၂၅ ဖေ ၀၆ ကြာသပတေး ၁၀:၃၃:၁၉ ညနေ +0630 - Successfully copied to 
၂၀၂၅ ဖေ ၀၆ ကြာသပတေး ၁၀:၃၃:၁၉ ညနေ +0630 - =======================================
၂၀၂၅ ဖေ ၀၆ ကြာသပတေး ၁၀:၃၃:၁၉ ညနေ +0630 - =======================================
